<?xml version="1.0" encoding="UTF-8"?>
<!-- Generated by org.testng.reporters.JUnitXMLReporter -->
<testsuite ignored="2" hostname="Utsav-PC" failures="0" tests="4" name="Test" time="0.058" errors="0" timestamp="2025-06-09T15:26:29 IST">
  <testcase classname="com.crm.comcast.contacttest.CreateContact" name="createContact" time="0.005"/>
  <testcase classname="com.crm.comcast.contacttest.CreateContact" name="createContactWithDate" time="0.002"/>
  <testcase classname="com.crm.comcast.orgtest.CreateOrgTest" name="createOrgTest" time="0.002"/>
  <testcase classname="com.crm.comcast.orgtest.CreateOrgTest" name="createOrgWithIndustry" time="0.002"/>
  <testcase classname="com.crm.generic.baseutility.BaseClass" name="@BeforeSuite configBS" time="0.0">
    <ignored/>
  </testcase> <!-- @BeforeSuite configBS -->
  <testcase classname="com.crm.generic.baseutility.BaseClass" name="@AfterSuite configAS" time="0.0">
    <ignored/>
  </testcase> <!-- @AfterSuite configAS -->
</testsuite> <!-- Test -->
