<?xml version="1.0" encoding="UTF-8"?>
<!-- Generated by org.testng.reporters.JUnitReportReporter -->
<testsuite hostname="Utsav-PC" failures="0" tests="3" name="practice.testNG.CreateContact_DP_Test" time="0.009" errors="0" timestamp="2025-06-06T16:00:36 IST" skipped="0">
  <testcase classname="practice.testNG.CreateContact_DP_Test" name="createContactTest" time="0.002"/>
  <system-out/>
  <testcase classname="practice.testNG.CreateContact_DP_Test" name="createContactTest" time="0.001"/>
  <system-out/>
  <testcase classname="practice.testNG.CreateContact_DP_Test" name="createContactTest" time="0.006"/>
  <system-out/>
</testsuite> <!-- practice.testNG.CreateContact_DP_Test -->
