<?xml version="1.0" encoding="UTF-8"?>
<!-- Generated by org.testng.reporters.JUnitReportReporter -->
<testsuite hostname="Utsav-PC" failures="0" tests="3" name="practice.testNG.ContactTest" time="0.015" errors="0" timestamp="2025-06-06T15:27:05 IST" skipped="0">
  <testcase classname="practice.testNG.ContactTest" name="createContactTest" time="0.013"/>
  <system-out/>
  <testcase classname="practice.testNG.ContactTest" name="modifyContactTest" time="0.001"/>
  <system-out/>
  <testcase classname="practice.testNG.ContactTest" name="deleteContactTest" time="0.001"/>
  <system-out/>
</testsuite> <!-- practice.testNG.ContactTest -->
