<?xml version="1.0" encoding="UTF-8"?>
<!-- Generated by org.testng.reporters.JUnitReportReporter -->
<testsuite hostname="Utsav-PC" failures="0" tests="2" name="com.crm.comcast.contacttest.CreateContact" time="0.009" errors="0" timestamp="2025-06-09T15:26:30 IST" skipped="0">
  <testcase classname="com.crm.comcast.contacttest.CreateContact" name="createContact" time="0.006"/>
  <system-out/>
  <testcase classname="com.crm.comcast.contacttest.CreateContact" name="createContactWithDate" time="0.003"/>
  <system-out/>
</testsuite> <!-- com.crm.comcast.contacttest.CreateContact -->
