<?xml version="1.0" encoding="UTF-8"?>
<!-- Generated by org.testng.reporters.JUnitReportReporter -->
<testsuite hostname="Utsav-PC" failures="0" tests="6" name="practice.testNG.OrderTest" time="0.023" errors="0" timestamp="2025-06-06T15:29:19 IST" skipped="1">
  <testcase classname="practice.testNG.OrderTest" name="createOrderTest" time="0.016"/>
  <system-out/>
  <testcase classname="practice.testNG.OrderTest" name="createOrderTest" time="0.002"/>
  <system-out/>
  <testcase classname="practice.testNG.OrderTest" name="createOrderTest" time="0.002"/>
  <system-out/>
  <testcase classname="practice.testNG.OrderTest" name="createOrderTest" time="0.001"/>
  <system-out/>
  <testcase classname="practice.testNG.OrderTest" name="createOrderTest" time="0.002"/>
  <system-out/>
  <testcase classname="practice.testNG.OrderTest" name="billingAnOrderTest">
    <skipped/>
  </testcase> <!-- billingAnOrderTest -->
  <system-out/>
</testsuite> <!-- practice.testNG.OrderTest -->
